#
# There is insufficient memory for the Java Runtime Environment to continue.
# Native memory allocation (malloc) failed to allocate 536870912 bytes for committing reserved memory.
# Possible reasons:
#   The system is out of physical RAM or swap space
#   In 32 bit mode, the process size limit was hit
# Possible solutions:
#   Reduce memory load on the system
#   Increase physical memory or swap space
#   Check if swap backing store is full
#   Use 64 bit Java on a 64 bit OS
#   Decrease Java heap size (-Xmx/-Xms)
#   Decrease number of Java threads
#   Decrease Java thread stack sizes (-Xss)
#   Set larger code cache with -XX:ReservedCodeCacheSize=
# This output file may be truncated or incomplete.
#
#  Out of Memory Error (os_linux.cpp:2756), pid=16547, tid=140465023006464
#
# JRE version:  (7.0_72-b14) (build )
# Java VM: Java HotSpot(TM) 64-Bit Server VM (24.72-b04 mixed mode linux-amd64 compressed oops)
# Failed to write core dump. Core dumps have been disabled. To enable core dumping, try "ulimit -c unlimited" before starting Java again
#

---------------  T H R E A D  ---------------

Current thread (0x00007fc08800a000):  JavaThread "Unknown thread" [_thread_in_vm, id=16559, stack(0x00007fc08fbcb000,0x00007fc08fccc000)]

Stack: [0x00007fc08fbcb000,0x00007fc08fccc000],  sp=0x00007fc08fcca280,  free space=1020k
Native frames: (J=compiled Java code, j=interpreted, Vv=VM code, C=native code)
V  [libjvm.so+0x9a10fa]  VMError::report_and_die()+0x2ea
V  [libjvm.so+0x49755b]  report_vm_out_of_memory(char const*, int, unsigned long, char const*)+0x9b
V  [libjvm.so+0x81ec4e]  os::Linux::commit_memory_impl(char*, unsigned long, bool)+0xfe
V  [libjvm.so+0x81f199]  os::pd_commit_memory(char*, unsigned long, unsigned long, bool)+0x29
V  [libjvm.so+0x818f2a]  os::commit_memory(char*, unsigned long, unsigned long, bool)+0x2a
V  [libjvm.so+0x88ba53]  PSVirtualSpace::expand_by(unsigned long)+0x53
V  [libjvm.so+0x88c9e9]  PSYoungGen::initialize_virtual_space(ReservedSpace, unsigned long)+0x89
V  [libjvm.so+0x88d360]  PSYoungGen::initialize(ReservedSpace, unsigned long)+0x50
V  [libjvm.so+0x29a527]  AdjoiningGenerations::AdjoiningGenerations(ReservedSpace, unsigned long, unsigned long, unsigned long, unsigned long, unsigned long, unsigned long, unsigned long)+0x377
V  [libjvm.so+0x83fa95]  ParallelScavengeHeap::initialize()+0x4d5
V  [libjvm.so+0x9730ba]  Universe::initialize_heap()+0xca
V  [libjvm.so+0x974289]  universe_init()+0x79
V  [libjvm.so+0x5b0f85]  init_globals()+0x65
V  [libjvm.so+0x95bbdd]  Threads::create_vm(JavaVMInitArgs*, bool*)+0x1ed
V  [libjvm.so+0x639234]  JNI_CreateJavaVM+0x74
C  [libjli.so+0x2f8e]  JavaMain+0x9e


---------------  P R O C E S S  ---------------

Java Threads: ( => current thread )

Other Threads:

=>0x00007fc08800a000 (exited) JavaThread "Unknown thread" [_thread_in_vm, id=16559, stack(0x00007fc08fbcb000,0x00007fc08fccc000)]

VM state:not at safepoint (not fully initialized)

VM Mutex/Monitor currently owned by a thread: None

GC Heap History (0 events):
No events

Deoptimization events (0 events):
No events

Internal exceptions (0 events):
No events

Events (0 events):
No events


Dynamic libraries:
00400000-00401000 r-xp 00000000 fc:00 5119588                            /usr/lib/jvm/java-7-oracle/jre/bin/java
00600000-00601000 rw-p 00000000 fc:00 5119588                            /usr/lib/jvm/java-7-oracle/jre/bin/java
022fb000-0231c000 rw-p 00000000 00:00 0                                  [heap]
88000000-e0000000 rw-p 00000000 00:00 0 
7fc07c000000-7fc07c270000 rwxp 00000000 00:00 0 
7fc07c270000-7fc088024000 rw-p 00000000 00:00 0 
7fc088024000-7fc08c000000 ---p 00000000 00:00 0 
7fc08c687000-7fc08c7f3000 rw-p 00000000 00:00 0 
7fc08c7f3000-7fc08cbb3000 rw-p 00000000 00:00 0 
7fc08cbb3000-7fc08cbbe000 rw-p 00000000 00:00 0 
7fc08cbbe000-7fc08ceb4000 rw-p 00000000 00:00 0 
7fc08ceb4000-7fc08cece000 r-xp 00000000 fc:00 5904855                    /usr/lib/jvm/java-7-oracle/jre/lib/amd64/libzip.so
7fc08cece000-7fc08d0ce000 ---p 0001a000 fc:00 5904855                    /usr/lib/jvm/java-7-oracle/jre/lib/amd64/libzip.so
7fc08d0ce000-7fc08d0cf000 rw-p 0001a000 fc:00 5904855                    /usr/lib/jvm/java-7-oracle/jre/lib/amd64/libzip.so
7fc08d0cf000-7fc08d0da000 r-xp 00000000 fc:00 918785                     /lib/x86_64-linux-gnu/libnss_files-2.19.so
7fc08d0da000-7fc08d2d9000 ---p 0000b000 fc:00 918785                     /lib/x86_64-linux-gnu/libnss_files-2.19.so
7fc08d2d9000-7fc08d2da000 r--p 0000a000 fc:00 918785                     /lib/x86_64-linux-gnu/libnss_files-2.19.so
7fc08d2da000-7fc08d2db000 rw-p 0000b000 fc:00 918785                     /lib/x86_64-linux-gnu/libnss_files-2.19.so
7fc08d2db000-7fc08d2e6000 r-xp 00000000 fc:00 918786                     /lib/x86_64-linux-gnu/libnss_nis-2.19.so
7fc08d2e6000-7fc08d4e5000 ---p 0000b000 fc:00 918786                     /lib/x86_64-linux-gnu/libnss_nis-2.19.so
7fc08d4e5000-7fc08d4e6000 r--p 0000a000 fc:00 918786                     /lib/x86_64-linux-gnu/libnss_nis-2.19.so
7fc08d4e6000-7fc08d4e7000 rw-p 0000b000 fc:00 918786                     /lib/x86_64-linux-gnu/libnss_nis-2.19.so
7fc08d4e7000-7fc08d4fe000 r-xp 00000000 fc:00 918762                     /lib/x86_64-linux-gnu/libnsl-2.19.so
7fc08d4fe000-7fc08d6fd000 ---p 00017000 fc:00 918762                     /lib/x86_64-linux-gnu/libnsl-2.19.so
7fc08d6fd000-7fc08d6fe000 r--p 00016000 fc:00 918762                     /lib/x86_64-linux-gnu/libnsl-2.19.so
7fc08d6fe000-7fc08d6ff000 rw-p 00017000 fc:00 918762                     /lib/x86_64-linux-gnu/libnsl-2.19.so
7fc08d6ff000-7fc08d701000 rw-p 00000000 00:00 0 
7fc08d701000-7fc08d70a000 r-xp 00000000 fc:00 918467                     /lib/x86_64-linux-gnu/libnss_compat-2.19.so
7fc08d70a000-7fc08d909000 ---p 00009000 fc:00 918467                     /lib/x86_64-linux-gnu/libnss_compat-2.19.so
7fc08d909000-7fc08d90a000 r--p 00008000 fc:00 918467                     /lib/x86_64-linux-gnu/libnss_compat-2.19.so
7fc08d90a000-7fc08d90b000 rw-p 00009000 fc:00 918467                     /lib/x86_64-linux-gnu/libnss_compat-2.19.so
7fc08d90b000-7fc08d934000 r-xp 00000000 fc:00 5904844                    /usr/lib/jvm/java-7-oracle/jre/lib/amd64/libjava.so
7fc08d934000-7fc08db34000 ---p 00029000 fc:00 5904844                    /usr/lib/jvm/java-7-oracle/jre/lib/amd64/libjava.so
7fc08db34000-7fc08db36000 rw-p 00029000 fc:00 5904844                    /usr/lib/jvm/java-7-oracle/jre/lib/amd64/libjava.so
7fc08db36000-7fc08db43000 r-xp 00000000 fc:00 5904848                    /usr/lib/jvm/java-7-oracle/jre/lib/amd64/libverify.so
7fc08db43000-7fc08dd42000 ---p 0000d000 fc:00 5904848                    /usr/lib/jvm/java-7-oracle/jre/lib/amd64/libverify.so
7fc08dd42000-7fc08dd44000 rw-p 0000c000 fc:00 5904848                    /usr/lib/jvm/java-7-oracle/jre/lib/amd64/libverify.so
7fc08dd44000-7fc08dd4b000 r-xp 00000000 fc:00 918764                     /lib/x86_64-linux-gnu/librt-2.19.so
7fc08dd4b000-7fc08df4a000 ---p 00007000 fc:00 918764                     /lib/x86_64-linux-gnu/librt-2.19.so
7fc08df4a000-7fc08df4b000 r--p 00006000 fc:00 918764                     /lib/x86_64-linux-gnu/librt-2.19.so
7fc08df4b000-7fc08df4c000 rw-p 00007000 fc:00 918764                     /lib/x86_64-linux-gnu/librt-2.19.so
7fc08df4c000-7fc08e051000 r-xp 00000000 fc:00 918780                     /lib/x86_64-linux-gnu/libm-2.19.so
7fc08e051000-7fc08e250000 ---p 00105000 fc:00 918780                     /lib/x86_64-linux-gnu/libm-2.19.so
7fc08e250000-7fc08e251000 r--p 00104000 fc:00 918780                     /lib/x86_64-linux-gnu/libm-2.19.so
7fc08e251000-7fc08e252000 rw-p 00105000 fc:00 918780                     /lib/x86_64-linux-gnu/libm-2.19.so
7fc08e252000-7fc08edc5000 r-xp 00000000 fc:00 5904839                    /usr/lib/jvm/java-7-oracle/jre/lib/amd64/server/libjvm.so
7fc08edc5000-7fc08efc4000 ---p 00b73000 fc:00 5904839                    /usr/lib/jvm/java-7-oracle/jre/lib/amd64/server/libjvm.so
7fc08efc4000-7fc08f088000 rw-p 00b72000 fc:00 5904839                    /usr/lib/jvm/java-7-oracle/jre/lib/amd64/server/libjvm.so
7fc08f088000-7fc08f0c9000 rw-p 00000000 00:00 0 
7fc08f0c9000-7fc08f284000 r-xp 00000000 fc:00 918768                     /lib/x86_64-linux-gnu/libc-2.19.so
7fc08f284000-7fc08f484000 ---p 001bb000 fc:00 918768                     /lib/x86_64-linux-gnu/libc-2.19.so
7fc08f484000-7fc08f488000 r--p 001bb000 fc:00 918768                     /lib/x86_64-linux-gnu/libc-2.19.so
7fc08f488000-7fc08f48a000 rw-p 001bf000 fc:00 918768                     /lib/x86_64-linux-gnu/libc-2.19.so
7fc08f48a000-7fc08f48f000 rw-p 00000000 00:00 0 
7fc08f48f000-7fc08f492000 r-xp 00000000 fc:00 918790                     /lib/x86_64-linux-gnu/libdl-2.19.so
7fc08f492000-7fc08f691000 ---p 00003000 fc:00 918790                     /lib/x86_64-linux-gnu/libdl-2.19.so
7fc08f691000-7fc08f692000 r--p 00002000 fc:00 918790                     /lib/x86_64-linux-gnu/libdl-2.19.so
7fc08f692000-7fc08f693000 rw-p 00003000 fc:00 918790                     /lib/x86_64-linux-gnu/libdl-2.19.so
7fc08f693000-7fc08f6a9000 r-xp 00000000 fc:00 5904872                    /usr/lib/jvm/java-7-oracle/jre/lib/amd64/jli/libjli.so
7fc08f6a9000-7fc08f8a9000 ---p 00016000 fc:00 5904872                    /usr/lib/jvm/java-7-oracle/jre/lib/amd64/jli/libjli.so
7fc08f8a9000-7fc08f8aa000 rw-p 00016000 fc:00 5904872                    /usr/lib/jvm/java-7-oracle/jre/lib/amd64/jli/libjli.so
7fc08f8aa000-7fc08f8c3000 r-xp 00000000 fc:00 918791                     /lib/x86_64-linux-gnu/libpthread-2.19.so
7fc08f8c3000-7fc08fac2000 ---p 00019000 fc:00 918791                     /lib/x86_64-linux-gnu/libpthread-2.19.so
7fc08fac2000-7fc08fac3000 r--p 00018000 fc:00 918791                     /lib/x86_64-linux-gnu/libpthread-2.19.so
7fc08fac3000-7fc08fac4000 rw-p 00019000 fc:00 918791                     /lib/x86_64-linux-gnu/libpthread-2.19.so
7fc08fac4000-7fc08fac8000 rw-p 00000000 00:00 0 
7fc08fac8000-7fc08faeb000 r-xp 00000000 fc:00 918775                     /lib/x86_64-linux-gnu/ld-2.19.so
7fc08faf0000-7fc08fbcb000 rw-p 00000000 00:00 0 
7fc08fbcb000-7fc08fbce000 ---p 00000000 00:00 0 
7fc08fbce000-7fc08fcd0000 rw-p 00000000 00:00 0                          [stack:16559]
7fc08fcdc000-7fc08fcde000 rw-p 00000000 00:00 0 
7fc08fcde000-7fc08fce6000 rw-s 00000000 fc:00 5778341                    /tmp/hsperfdata_felix/16547
7fc08fce6000-7fc08fce7000 rw-p 00000000 00:00 0 
7fc08fce7000-7fc08fce8000 r--p 00000000 00:00 0 
7fc08fce8000-7fc08fcea000 rw-p 00000000 00:00 0 
7fc08fcea000-7fc08fceb000 r--p 00022000 fc:00 918775                     /lib/x86_64-linux-gnu/ld-2.19.so
7fc08fceb000-7fc08fcec000 rw-p 00023000 fc:00 918775                     /lib/x86_64-linux-gnu/ld-2.19.so
7fc08fcec000-7fc08fced000 rw-p 00000000 00:00 0 
7fff32439000-7fff3245a000 rw-p 00000000 00:00 0                          [stack]
7fff32461000-7fff32463000 r-xp 00000000 00:00 0                          [vdso]
ffffffffff600000-ffffffffff601000 r-xp 00000000 00:00 0                  [vsyscall]

VM Arguments:
jvm_args: -Xmx2g -Xms1536m -Xmx1536m -XX:MaxPermSize=384m -XX:ReservedCodeCacheSize=192m -Dfile.encoding=UTF8 
java_command: /home/felix/.sbt/.lib/0.13.5/sbt-launch.jar shell
Launcher Type: SUN_STANDARD

Environment Variables:
PATH=/usr/local/sbin:/usr/local/bin:/usr/sbin:/usr/bin:/sbin:/bin:/usr/games:/usr/local/games
SHELL=/bin/bash
DISPLAY=:0.0

Signal Handlers:
SIGSEGV: [libjvm.so+0x9a1a10], sa_mask[0]=0x7ffbfeff, sa_flags=0x10000004
SIGBUS: [libjvm.so+0x9a1a10], sa_mask[0]=0x7ffbfeff, sa_flags=0x10000004
SIGFPE: [libjvm.so+0x81bae0], sa_mask[0]=0x7ffbfeff, sa_flags=0x10000004
SIGPIPE: [libjvm.so+0x81bae0], sa_mask[0]=0x7ffbfeff, sa_flags=0x10000004
SIGXFSZ: [libjvm.so+0x81bae0], sa_mask[0]=0x7ffbfeff, sa_flags=0x10000004
SIGILL: [libjvm.so+0x81bae0], sa_mask[0]=0x7ffbfeff, sa_flags=0x10000004
SIGUSR1: SIG_DFL, sa_mask[0]=0x00000000, sa_flags=0x00000000
SIGUSR2: [libjvm.so+0x81d2e0], sa_mask[0]=0x00000000, sa_flags=0x10000004
SIGHUP: SIG_DFL, sa_mask[0]=0x00000000, sa_flags=0x00000000
SIGINT: SIG_DFL, sa_mask[0]=0x00000000, sa_flags=0x00000000
SIGTERM: SIG_DFL, sa_mask[0]=0x00000000, sa_flags=0x00000000
SIGQUIT: SIG_DFL, sa_mask[0]=0x00000000, sa_flags=0x00000000


---------------  S Y S T E M  ---------------

OS:jessie/sid

uname:Linux 3.13.0-29-generic #53-Ubuntu SMP Wed Jun 4 21:00:20 UTC 2014 x86_64
libc:glibc 2.19 NPTL 2.19 
rlimit: STACK 8192k, CORE 0k, NPROC 30653, NOFILE 4096, AS infinity
load average:0.56 0.59 0.55

/proc/meminfo:
MemTotal:        3954360 kB
MemFree:          151392 kB
Buffers:           14324 kB
Cached:           260028 kB
SwapCached:            0 kB
Active:          1314796 kB
Inactive:         176796 kB
Active(anon):    1218412 kB
Inactive(anon):    52716 kB
Active(file):      96384 kB
Inactive(file):   124080 kB
Unevictable:          32 kB
Mlocked:              32 kB
SwapTotal:             0 kB
SwapFree:              0 kB
Dirty:               140 kB
Writeback:             0 kB
AnonPages:       1217284 kB
Mapped:           535040 kB
Shmem:             53888 kB
Slab:             102784 kB
SReclaimable:      53108 kB
SUnreclaim:        49676 kB
KernelStack:        3664 kB
PageTables:        29804 kB
NFS_Unstable:          0 kB
Bounce:                0 kB
WritebackTmp:          0 kB
CommitLimit:     1977180 kB
Committed_AS:    5316800 kB
VmallocTotal:   34359738367 kB
VmallocUsed:      385616 kB
VmallocChunk:   34359347112 kB
HardwareCorrupted:     0 kB
AnonHugePages:    221184 kB
HugePages_Total:       0
HugePages_Free:        0
HugePages_Rsvd:        0
HugePages_Surp:        0
Hugepagesize:       2048 kB
DirectMap4k:      285028 kB
DirectMap2M:     3817472 kB


CPU:total 4 (2 cores per cpu, 2 threads per core) family 6 model 42 stepping 7, cmov, cx8, fxsr, mmx, sse, sse2, sse3, ssse3, sse4.1, sse4.2, popcnt, avx, aes, ht, tsc, tscinvbit

/proc/cpuinfo:
processor	: 0
vendor_id	: GenuineIntel
cpu family	: 6
model		: 42
model name	: Intel(R) Core(TM) i5-2410M CPU @ 2.30GHz
stepping	: 7
microcode	: 0x1a
cpu MHz		: 2301.000
cache size	: 3072 KB
physical id	: 0
siblings	: 4
core id		: 0
cpu cores	: 2
apicid		: 0
initial apicid	: 0
fpu		: yes
fpu_exception	: yes
cpuid level	: 13
wp		: yes
flags		: fpu vme de pse tsc msr pae mce cx8 apic sep mtrr pge mca cmov pat pse36 clflush dts acpi mmx fxsr sse sse2 ss ht tm pbe syscall nx rdtscp lm constant_tsc arch_perfmon pebs bts rep_good nopl xtopology nonstop_tsc aperfmperf eagerfpu pni pclmulqdq dtes64 monitor ds_cpl vmx est tm2 ssse3 cx16 xtpr pdcm pcid sse4_1 sse4_2 x2apic popcnt tsc_deadline_timer aes xsave avx lahf_lm ida arat epb xsaveopt pln pts dtherm tpr_shadow vnmi flexpriority ept vpid
bogomips	: 4589.50
clflush size	: 64
cache_alignment	: 64
address sizes	: 36 bits physical, 48 bits virtual
power management:

processor	: 1
vendor_id	: GenuineIntel
cpu family	: 6
model		: 42
model name	: Intel(R) Core(TM) i5-2410M CPU @ 2.30GHz
stepping	: 7
microcode	: 0x1a
cpu MHz		: 1000.000
cache size	: 3072 KB
physical id	: 0
siblings	: 4
core id		: 1
cpu cores	: 2
apicid		: 2
initial apicid	: 2
fpu		: yes
fpu_exception	: yes
cpuid level	: 13
wp		: yes
flags		: fpu vme de pse tsc msr pae mce cx8 apic sep mtrr pge mca cmov pat pse36 clflush dts acpi mmx fxsr sse sse2 ss ht tm pbe syscall nx rdtscp lm constant_tsc arch_perfmon pebs bts rep_good nopl xtopology nonstop_tsc aperfmperf eagerfpu pni pclmulqdq dtes64 monitor ds_cpl vmx est tm2 ssse3 cx16 xtpr pdcm pcid sse4_1 sse4_2 x2apic popcnt tsc_deadline_timer aes xsave avx lahf_lm ida arat epb xsaveopt pln pts dtherm tpr_shadow vnmi flexpriority ept vpid
bogomips	: 4589.50
clflush size	: 64
cache_alignment	: 64
address sizes	: 36 bits physical, 48 bits virtual
power management:

processor	: 2
vendor_id	: GenuineIntel
cpu family	: 6
model		: 42
model name	: Intel(R) Core(TM) i5-2410M CPU @ 2.30GHz
stepping	: 7
microcode	: 0x1a
cpu MHz		: 1600.000
cache size	: 3072 KB
physical id	: 0
siblings	: 4
core id		: 0
cpu cores	: 2
apicid		: 1
initial apicid	: 1
fpu		: yes
fpu_exception	: yes
cpuid level	: 13
wp		: yes
flags		: fpu vme de pse tsc msr pae mce cx8 apic sep mtrr pge mca cmov pat pse36 clflush dts acpi mmx fxsr sse sse2 ss ht tm pbe syscall nx rdtscp lm constant_tsc arch_perfmon pebs bts rep_good nopl xtopology nonstop_tsc aperfmperf eagerfpu pni pclmulqdq dtes64 monitor ds_cpl vmx est tm2 ssse3 cx16 xtpr pdcm pcid sse4_1 sse4_2 x2apic popcnt tsc_deadline_timer aes xsave avx lahf_lm ida arat epb xsaveopt pln pts dtherm tpr_shadow vnmi flexpriority ept vpid
bogomips	: 4589.50
clflush size	: 64
cache_alignment	: 64
address sizes	: 36 bits physical, 48 bits virtual
power management:

processor	: 3
vendor_id	: GenuineIntel
cpu family	: 6
model		: 42
model name	: Intel(R) Core(TM) i5-2410M CPU @ 2.30GHz
stepping	: 7
microcode	: 0x1a
cpu MHz		: 800.000
cache size	: 3072 KB
physical id	: 0
siblings	: 4
core id		: 1
cpu cores	: 2
apicid		: 3
initial apicid	: 3
fpu		: yes
fpu_exception	: yes
cpuid level	: 13
wp		: yes
flags		: fpu vme de pse tsc msr pae mce cx8 apic sep mtrr pge mca cmov pat pse36 clflush dts acpi mmx fxsr sse sse2 ss ht tm pbe syscall nx rdtscp lm constant_tsc arch_perfmon pebs bts rep_good nopl xtopology nonstop_tsc aperfmperf eagerfpu pni pclmulqdq dtes64 monitor ds_cpl vmx est tm2 ssse3 cx16 xtpr pdcm pcid sse4_1 sse4_2 x2apic popcnt tsc_deadline_timer aes xsave avx lahf_lm ida arat epb xsaveopt pln pts dtherm tpr_shadow vnmi flexpriority ept vpid
bogomips	: 4589.50
clflush size	: 64
cache_alignment	: 64
address sizes	: 36 bits physical, 48 bits virtual
power management:



Memory: 4k page, physical 3954360k(151392k free), swap 0k(0k free)

vm_info: Java HotSpot(TM) 64-Bit Server VM (24.72-b04) for linux-amd64 JRE (1.7.0_72-b14), built on Sep 26 2014 18:20:41 by "java_re" with gcc 4.3.0 20080428 (Red Hat 4.3.0-8)

time: Mon Nov 24 12:05:10 2014
elapsed time: 0 seconds

